<?xml version="1.0" encoding="UTF-8"?>
<!-- Generated by org.testng.reporters.JUnitReportReporter -->
<testsuite skipped="0" hostname="QSP-029" name="com.craftsvilla.test.testTest" tests="1" failures="0" timestamp="15 Nov 2017 04:23:28 GMT" time="0.009" errors="0">
  <testcase name="test" time="0.009" classname="com.craftsvilla.test.testTest"/>
</testsuite> <!-- com.craftsvilla.test.testTest -->
