<?xml version="1.0" encoding="UTF-8"?>
<!-- Generated by org.testng.reporters.JUnitReportReporter -->
<testsuite skipped="0" hostname="QSP-029" name="com.craftsvilla.test.TestCart" tests="1" failures="0" timestamp="11 Oct 2017 08:44:57 GMT" time="134.118" errors="0">
  <testcase name="testCartDetails" time="134.118" classname="com.craftsvilla.test.TestCart"/>
</testsuite> <!-- com.craftsvilla.test.TestCart -->
