<?xml version="1.0" encoding="UTF-8"?>
<!-- Generated by org.testng.reporters.JUnitReportReporter -->
<testsuite skipped="0" name="com.craftsvilla.test.TestCart" tests="1" failures="0" timestamp="15 Nov 2017 04:44:29 GMT" time="26.767" errors="0">
  <testcase name="testCartDetails" time="26.767" classname="com.craftsvilla.test.TestCart"/>
</testsuite> <!-- com.craftsvilla.test.TestCart -->
